  Camera.cpp
  DirectionalLight.cpp
C:\Users\ogeid\OneDrive\Documentos\Computación Gráfica\Proyecto\P07\DirectionalLight.cpp(18,14): warning C4244: 'argumento': conversión de 'GLfloat' a 'GLint'; posible pérdida de datos
C:\Users\ogeid\OneDrive\Documentos\Computación Gráfica\Proyecto\P07\DirectionalLight.cpp(19,14): warning C4244: 'argumento': conversión de 'GLfloat' a 'GLint'; posible pérdida de datos
C:\Users\ogeid\OneDrive\Documentos\Computación Gráfica\Proyecto\P07\DirectionalLight.cpp(21,14): warning C4244: 'argumento': conversión de 'GLfloat' a 'GLint'; posible pérdida de datos
C:\Users\ogeid\OneDrive\Documentos\Computación Gráfica\Proyecto\P07\DirectionalLight.cpp(22,14): warning C4244: 'argumento': conversión de 'GLfloat' a 'GLint'; posible pérdida de datos
  Light.cpp
  Material.cpp
  Mesh_tn.cpp
  Model.cpp
C:\Users\ogeid\OneDrive\Documentos\Computación Gráfica\Proyecto\P07\Model.cpp(16,10): warning C4477: 'printf' : la cadena de formato '%s' requiere un argumento de tipo 'char *', pero el argumento variádico 1 tiene el tipo 'const std::string'
C:\Users\ogeid\OneDrive\Documentos\Computación Gráfica\Proyecto\P07\Model.cpp(16,80): warning C4474: "printf": se pasaron demasiados argumentos para la cadena de formato
C:\Users\ogeid\OneDrive\Documentos\Computación Gráfica\Proyecto\P07\Model.cpp(16,80): message : los marcadores de posición y sus parámetros esperan 1 argumentos variádicos, pero se proporcionaron 2
C:\Users\ogeid\OneDrive\Documentos\Computación Gráfica\Proyecto\P07\Model.cpp(51,7): warning C4804: '<': uso no seguro del tipo 'bool' en la operación
C:\Users\ogeid\OneDrive\Documentos\Computación Gráfica\Proyecto\P07\Model.cpp(51,21): warning C4018: '<': no coinciden signed/unsigned
C:\Users\ogeid\OneDrive\Documentos\Computación Gráfica\Proyecto\P07\Model.cpp(138,14): warning C4477: 'printf' : la cadena de formato '%s' requiere un argumento de tipo 'char *', pero el argumento variádico 1 tiene el tipo 'std::string'
C:\Users\ogeid\OneDrive\Documentos\Computación Gráfica\Proyecto\P07\Model.cpp(147,14): warning C4477: 'printf' : la cadena de formato '%s' requiere un argumento de tipo 'char *', pero el argumento variádico 1 tiene el tipo 'std::string'
  PointLight.cpp
C:\Users\ogeid\OneDrive\Documentos\Computación Gráfica\Proyecto\P07\PointLight.cpp(28,14): warning C4244: 'argumento': conversión de 'GLfloat' a 'GLint'; posible pérdida de datos
C:\Users\ogeid\OneDrive\Documentos\Computación Gráfica\Proyecto\P07\PointLight.cpp(29,14): warning C4244: 'argumento': conversión de 'GLfloat' a 'GLint'; posible pérdida de datos
C:\Users\ogeid\OneDrive\Documentos\Computación Gráfica\Proyecto\P07\PointLight.cpp(30,14): warning C4244: 'argumento': conversión de 'GLfloat' a 'GLint'; posible pérdida de datos
C:\Users\ogeid\OneDrive\Documentos\Computación Gráfica\Proyecto\P07\PointLight.cpp(32,14): warning C4244: 'argumento': conversión de 'GLfloat' a 'GLint'; posible pérdida de datos
C:\Users\ogeid\OneDrive\Documentos\Computación Gráfica\Proyecto\P07\PointLight.cpp(33,14): warning C4244: 'argumento': conversión de 'GLfloat' a 'GLint'; posible pérdida de datos
C:\Users\ogeid\OneDrive\Documentos\Computación Gráfica\Proyecto\P07\PointLight.cpp(34,14): warning C4244: 'argumento': conversión de 'GLfloat' a 'GLint'; posible pérdida de datos
C:\Users\ogeid\OneDrive\Documentos\Computación Gráfica\Proyecto\P07\PointLight.cpp(35,14): warning C4244: 'argumento': conversión de 'GLfloat' a 'GLint'; posible pérdida de datos
  Proyectofinal.cpp
C:\Users\ogeid\OneDrive\Documentos\Computación Gráfica\Proyecto\P07\Window.h(12,36): warning C4244: 'return': conversión de 'GLint' a 'GLfloat'; posible pérdida de datos
C:\Users\ogeid\OneDrive\Documentos\Computación Gráfica\Proyecto\P07\Window.h(13,37): warning C4244: 'return': conversión de 'GLint' a 'GLfloat'; posible pérdida de datos
C:\Users\ogeid\OneDrive\Documentos\Computación Gráfica\Proyecto\P07\Proyectofinal.cpp(770,18): warning C4305: '=': truncamiento de 'double' a 'float'
C:\Users\ogeid\OneDrive\Documentos\Computación Gráfica\Proyecto\P07\Proyectofinal.cpp(771,19): warning C4305: '=': truncamiento de 'double' a 'float'
C:\Users\ogeid\OneDrive\Documentos\Computación Gráfica\Proyecto\P07\Proyectofinal.cpp(809,23): warning C4244: 'inicializando': conversión de 'float' a 'int'; posible pérdida de datos
C:\Users\ogeid\OneDrive\Documentos\Computación Gráfica\Proyecto\P07\Proyectofinal.cpp(819,15): warning C4244: 'inicializando': conversión de 'double' a 'GLfloat'; posible pérdida de datos
C:\Users\ogeid\OneDrive\Documentos\Computación Gráfica\Proyecto\P07\Proyectofinal.cpp(821,33): warning C4244: '+=': conversión de 'double' a 'GLfloat'; posible pérdida de datos
C:\Users\ogeid\OneDrive\Documentos\Computación Gráfica\Proyecto\P07\Proyectofinal.cpp(944,58): warning C4244: 'argumento': conversión de 'GLfloat' a 'unsigned int'; posible pérdida de datos
C:\Users\ogeid\OneDrive\Documentos\Computación Gráfica\Proyecto\P07\Proyectofinal.cpp(1330,12): warning C4244: '=': conversión de 'double' a 'float'; posible pérdida de datos
  Shader_light.cpp
C:\Users\ogeid\OneDrive\Documentos\Computación Gráfica\Proyecto\P07\Shader_light.cpp(215,75): warning C4244: 'argumento': conversión de 'GLuint' a 'GLfloat'; posible pérdida de datos
C:\Users\ogeid\OneDrive\Documentos\Computación Gráfica\Proyecto\P07\Shader_light.cpp(215,26): warning C4244: 'argumento': conversión de 'GLuint' a 'GLfloat'; posible pérdida de datos
C:\Users\ogeid\OneDrive\Documentos\Computación Gráfica\Proyecto\P07\Shader_light.cpp(214,91): warning C4244: 'argumento': conversión de 'GLuint' a 'GLfloat'; posible pérdida de datos
C:\Users\ogeid\OneDrive\Documentos\Computación Gráfica\Proyecto\P07\Shader_light.cpp(214,42): warning C4244: 'argumento': conversión de 'GLuint' a 'GLfloat'; posible pérdida de datos
C:\Users\ogeid\OneDrive\Documentos\Computación Gráfica\Proyecto\P07\Shader_light.cpp(228,98): warning C4244: 'argumento': conversión de 'GLuint' a 'GLfloat'; posible pérdida de datos
C:\Users\ogeid\OneDrive\Documentos\Computación Gráfica\Proyecto\P07\Shader_light.cpp(228,62): warning C4244: 'argumento': conversión de 'GLuint' a 'GLfloat'; posible pérdida de datos
C:\Users\ogeid\OneDrive\Documentos\Computación Gráfica\Proyecto\P07\Shader_light.cpp(228,24): warning C4244: 'argumento': conversión de 'GLuint' a 'GLfloat'; posible pérdida de datos
C:\Users\ogeid\OneDrive\Documentos\Computación Gráfica\Proyecto\P07\Shader_light.cpp(227,70): warning C4244: 'argumento': conversión de 'GLuint' a 'GLfloat'; posible pérdida de datos
C:\Users\ogeid\OneDrive\Documentos\Computación Gráfica\Proyecto\P07\Shader_light.cpp(227,24): warning C4244: 'argumento': conversión de 'GLuint' a 'GLfloat'; posible pérdida de datos
C:\Users\ogeid\OneDrive\Documentos\Computación Gráfica\Proyecto\P07\Shader_light.cpp(226,88): warning C4244: 'argumento': conversión de 'GLuint' a 'GLfloat'; posible pérdida de datos
C:\Users\ogeid\OneDrive\Documentos\Computación Gráfica\Proyecto\P07\Shader_light.cpp(226,42): warning C4244: 'argumento': conversión de 'GLuint' a 'GLfloat'; posible pérdida de datos
  Skybox.cpp
  Sphere.cpp
C:\Users\ogeid\OneDrive\Documentos\Computación Gráfica\Proyecto\P07\Sphere.cpp(39,13): warning C4244: 'inicializando': conversión de 'double' a 'float'; posible pérdida de datos
C:\Users\ogeid\OneDrive\Documentos\Computación Gráfica\Proyecto\P07\Sphere.cpp(43,16): warning C4244: 'inicializando': conversión de 'double' a 'float'; posible pérdida de datos
  SpotLight.cpp
  Texture.cpp
  Window.cpp
C:\Users\ogeid\OneDrive\Documentos\Computación Gráfica\Proyecto\P07\Window.h(12,36): warning C4244: 'return': conversión de 'GLint' a 'GLfloat'; posible pérdida de datos
C:\Users\ogeid\OneDrive\Documentos\Computación Gráfica\Proyecto\P07\Window.h(13,37): warning C4244: 'return': conversión de 'GLint' a 'GLfloat'; posible pérdida de datos
C:\Users\ogeid\OneDrive\Documentos\Computación Gráfica\Proyecto\P07\Window.cpp(320,22): warning C4244: '=': conversión de 'double' a 'GLfloat'; posible pérdida de datos
C:\Users\ogeid\OneDrive\Documentos\Computación Gráfica\Proyecto\P07\Window.cpp(321,22): warning C4244: '=': conversión de 'double' a 'GLfloat'; posible pérdida de datos
C:\Users\ogeid\OneDrive\Documentos\Computación Gráfica\Proyecto\P07\Window.cpp(325,28): warning C4244: '=': conversión de 'double' a 'GLfloat'; posible pérdida de datos
C:\Users\ogeid\OneDrive\Documentos\Computación Gráfica\Proyecto\P07\Window.cpp(326,40): warning C4244: '=': conversión de 'double' a 'GLfloat'; posible pérdida de datos
C:\Users\ogeid\OneDrive\Documentos\Computación Gráfica\Proyecto\P07\Window.cpp(328,21): warning C4244: '=': conversión de 'double' a 'GLfloat'; posible pérdida de datos
C:\Users\ogeid\OneDrive\Documentos\Computación Gráfica\Proyecto\P07\Window.cpp(329,21): warning C4244: '=': conversión de 'double' a 'GLfloat'; posible pérdida de datos
  Generando código...
C:\Users\ogeid\OneDrive\Documentos\Computación Gráfica\Proyecto\P07\Window.cpp(86): warning C4715: 'Window::Initialise': no todas las rutas de acceso de control devuelven un valor
  LINK : no se encontró C:\Users\ogeid\OneDrive\Documentos\Computación Gráfica\Proyecto\P07\Debug\P07.exe o no lo generó el último vínculo incremental; ejecutando vínculo completo
LINK : warning LNK4098: la biblioteca predeterminada'MSVCRT' entra en conflicto con otras bibliotecas; use la biblioteca /NODEFAULTLIB:biblioteca
  P07.vcxproj -> C:\Users\ogeid\OneDrive\Documentos\Computación Gráfica\Proyecto\P07\Debug\P07.exe
