c:\users\netoc\onedrive\escritorio\practlabcompu\previo01\p07\debug\vc143.pdb
c:\users\netoc\onedrive\escritorio\practlabcompu\previo01\p07\debug\vc143.idb
c:\users\netoc\onedrive\escritorio\practlabcompu\previo01\p07\debug\window.obj
c:\users\netoc\onedrive\escritorio\practlabcompu\previo01\p07\debug\texture.obj
c:\users\netoc\onedrive\escritorio\practlabcompu\previo01\p07\debug\spotlight.obj
c:\users\netoc\onedrive\escritorio\practlabcompu\previo01\p07\debug\sphere.obj
c:\users\netoc\onedrive\escritorio\practlabcompu\previo01\p07\debug\skybox.obj
c:\users\netoc\onedrive\escritorio\practlabcompu\previo01\p07\debug\shader_light.obj
c:\users\netoc\onedrive\escritorio\practlabcompu\previo01\p07\debug\proyectofinal.obj
c:\users\netoc\onedrive\escritorio\practlabcompu\previo01\p07\debug\pointlight.obj
c:\users\netoc\onedrive\escritorio\practlabcompu\previo01\p07\debug\model.obj
c:\users\netoc\onedrive\escritorio\practlabcompu\previo01\p07\debug\mesh_tn.obj
c:\users\netoc\onedrive\escritorio\practlabcompu\previo01\p07\debug\material.obj
c:\users\netoc\onedrive\escritorio\practlabcompu\previo01\p07\debug\light.obj
c:\users\netoc\onedrive\escritorio\practlabcompu\previo01\p07\debug\directionallight.obj
c:\users\netoc\onedrive\escritorio\practlabcompu\previo01\p07\debug\camera.obj
c:\users\netoc\onedrive\escritorio\practlabcompu\previo01\p07\debug\p07.ilk
c:\users\netoc\onedrive\escritorio\practlabcompu\previo01\previo1\debug\p07.exe
c:\users\netoc\onedrive\escritorio\practlabcompu\previo01\previo1\debug\p07.pdb
c:\users\netoc\onedrive\escritorio\practlabcompu\previo01\p07\debug\p07.tlog\cl.command.1.tlog
c:\users\netoc\onedrive\escritorio\practlabcompu\previo01\p07\debug\p07.tlog\cl.items.tlog
c:\users\netoc\onedrive\escritorio\practlabcompu\previo01\p07\debug\p07.tlog\cl.read.1.tlog
c:\users\netoc\onedrive\escritorio\practlabcompu\previo01\p07\debug\p07.tlog\cl.write.1.tlog
c:\users\netoc\onedrive\escritorio\practlabcompu\previo01\p07\debug\p07.tlog\link.command.1.tlog
c:\users\netoc\onedrive\escritorio\practlabcompu\previo01\p07\debug\p07.tlog\link.read.1.tlog
c:\users\netoc\onedrive\escritorio\practlabcompu\previo01\p07\debug\p07.tlog\link.write.1.tlog
